# JRE version: OpenJDK Runtime Environment (21.0.2+13) (build 21.0.2+13-58)
# Java VM: OpenJDK 64-Bit Server VM (21.0.2+13-58, mixed mode, sharing, tiered, compressed oops, compressed class ptrs, g1 gc, windows-amd64)
GC Precious Log:
 CardTable entry size: 512
 Card Set container configuration: InlinePtr #cards 5 size 8 Array Of Cards #cards 12 size 40 Howl #buckets 4 coarsen threshold 1843 Howl Bitmap #cards 512 size 80 coarsen threshold 460 Card regions per heap region 1 cards per card region 2048
 CPUs: 8 total, 8 available
 Memory: 8006M
 Large Page Support: Disabled
 NUMA Support: Disabled
 Compressed Oops: Enabled (32-bit)
 Heap Region Size: 1M
 Heap Min Capacity: 256M
 Heap Initial Capacity: 256M
 Heap Max Capacity: 512M
 Pre-touch: Disabled
 Parallel Workers: 8
 Concurrent Workers: 2
 Concurrent Refinement Workers: 8
 Periodic GC: Disabled
Heap:
 garbage-first heap   total 262144K, used 93901K [0x00000000e0000000, 0x0000000100000000)
  region size 1024K, 44 young (45056K), 5 survivors (5120K)
 Metaspace       used 61388K, committed 63488K, reserved 393216K
  class space    used 8489K, committed 9536K, reserved 327680K
GC Heap History (20 events):
Event: 14.177 GC heap before
{Heap before GC invocations=3 (full 0):
 garbage-first heap   total 262144K, used 30242K [0x00000000e0000000, 0x0000000100000000)
  region size 1024K, 20 young (20480K), 12 survivors (12288K)
 Metaspace       used 20867K, committed 21504K, reserved 393216K
  class space    used 3018K, committed 3328K, reserved 327680K
}
Event: 14.187 GC heap after
{Heap after GC invocations=4 (full 0):
 garbage-first heap   total 262144K, used 24198K [0x00000000e0000000, 0x0000000100000000)
  region size 1024K, 2 young (2048K), 2 survivors (2048K)
 Metaspace       used 20867K, committed 21504K, reserved 393216K
  class space    used 3018K, committed 3328K, reserved 327680K
}
Event: 18.511 GC heap before
{Heap before GC invocations=5 (full 0):
 garbage-first heap   total 262144K, used 109190K [0x00000000e0000000, 0x0000000100000000)
  region size 1024K, 87 young (89088K), 2 survivors (2048K)
 Metaspace       used 34743K, committed 35968K, reserved 393216K
  class space    used 5028K, committed 5632K, reserved 327680K
}
Event: 18.519 GC heap after
{Heap after GC invocations=6 (full 0):
 garbage-first heap   total 262144K, used 29463K [0x00000000e0000000, 0x0000000100000000)
  region size 1024K, 7 young (7168K), 7 survivors (7168K)
 Metaspace       used 34743K, committed 35968K, reserved 393216K
  class space    used 5028K, committed 5632K, reserved 327680K
}
Event: 18.670 GC heap before
{Heap before GC invocations=6 (full 0):
 garbage-first heap   total 262144K, used 33559K [0x00000000e0000000, 0x0000000100000000)
  region size 1024K, 12 young (12288K), 7 survivors (7168K)
 Metaspace       used 35015K, committed 36288K, reserved 393216K
  class space    used 5047K, committed 5696K, reserved 327680K
}
Event: 18.679 GC heap after
{Heap after GC invocations=7 (full 0):
 garbage-first heap   total 262144K, used 30241K [0x00000000e0000000, 0x0000000100000000)
  region size 1024K, 8 young (8192K), 8 survivors (8192K)
 Metaspace       used 35015K, committed 36288K, reserved 393216K
  class space    used 5047K, committed 5696K, reserved 327680K
}
Event: 19.326 GC heap before
{Heap before GC invocations=7 (full 0):
 garbage-first heap   total 262144K, used 53793K [0x00000000e0000000, 0x0000000100000000)
  region size 1024K, 32 young (32768K), 8 survivors (8192K)
 Metaspace       used 35432K, committed 36608K, reserved 393216K
  class space    used 5093K, committed 5696K, reserved 327680K
}
Event: 19.334 GC heap after
{Heap after GC invocations=8 (full 0):
 garbage-first heap   total 262144K, used 31371K [0x00000000e0000000, 0x0000000100000000)
  region size 1024K, 9 young (9216K), 9 survivors (9216K)
 Metaspace       used 35432K, committed 36608K, reserved 393216K
  class space    used 5093K, committed 5696K, reserved 327680K
}
Event: 25.599 GC heap before
{Heap before GC invocations=9 (full 0):
 garbage-first heap   total 262144K, used 184971K [0x00000000e0000000, 0x0000000100000000)
  region size 1024K, 153 young (156672K), 9 survivors (9216K)
 Metaspace       used 51258K, committed 53056K, reserved 393216K
  class space    used 7439K, committed 8320K, reserved 327680K
}
Event: 25.621 GC heap after
{Heap after GC invocations=10 (full 0):
 garbage-first heap   total 262144K, used 42057K [0x00000000e0000000, 0x0000000100000000)
  region size 1024K, 19 young (19456K), 19 survivors (19456K)
 Metaspace       used 51258K, committed 53056K, reserved 393216K
  class space    used 7439K, committed 8320K, reserved 327680K
}
Event: 30.055 GC heap before
{Heap before GC invocations=10 (full 0):
 garbage-first heap   total 262144K, used 178249K [0x00000000e0000000, 0x0000000100000000)
  region size 1024K, 153 young (156672K), 19 survivors (19456K)
 Metaspace       used 57314K, committed 59200K, reserved 393216K
  class space    used 8203K, committed 9152K, reserved 327680K
}
Event: 30.083 GC heap after
{Heap after GC invocations=11 (full 0):
 garbage-first heap   total 262144K, used 51578K [0x00000000e0000000, 0x0000000100000000)
  region size 1024K, 20 young (20480K), 20 survivors (20480K)
 Metaspace       used 57314K, committed 59200K, reserved 393216K
  class space    used 8203K, committed 9152K, reserved 327680K
}
Event: 84.124 GC heap before
{Heap before GC invocations=11 (full 0):
 garbage-first heap   total 262144K, used 121210K [0x00000000e0000000, 0x0000000100000000)
  region size 1024K, 90 young (92160K), 20 survivors (20480K)
 Metaspace       used 59076K, committed 61120K, reserved 393216K
  class space    used 8421K, committed 9472K, reserved 327680K
}
Event: 84.201 GC heap after
{Heap after GC invocations=12 (full 0):
 garbage-first heap   total 262144K, used 55928K [0x00000000e0000000, 0x0000000100000000)
  region size 1024K, 6 young (6144K), 6 survivors (6144K)
 Metaspace       used 59076K, committed 61120K, reserved 393216K
  class space    used 8421K, committed 9472K, reserved 327680K
}
Event: 214.689 GC heap before
{Heap before GC invocations=13 (full 0):
 garbage-first heap   total 262144K, used 205432K [0x00000000e0000000, 0x0000000100000000)
  region size 1024K, 153 young (156672K), 6 survivors (6144K)
 Metaspace       used 60199K, committed 62208K, reserved 393216K
  class space    used 8443K, committed 9472K, reserved 327680K
}
Event: 214.745 GC heap after
{Heap after GC invocations=14 (full 0):
 garbage-first heap   total 262144K, used 58596K [0x00000000e0000000, 0x0000000100000000)
  region size 1024K, 9 young (9216K), 9 survivors (9216K)
 Metaspace       used 60199K, committed 62208K, reserved 393216K
  class space    used 8443K, committed 9472K, reserved 327680K
}
Event: 271.939 GC heap before
{Heap before GC invocations=14 (full 0):
 garbage-first heap   total 262144K, used 205028K [0x00000000e0000000, 0x0000000100000000)
  region size 1024K, 153 young (156672K), 9 survivors (9216K)
 Metaspace       used 60755K, committed 62784K, reserved 393216K
  class space    used 8447K, committed 9472K, reserved 327680K
}
Event: 271.990 GC heap after
{Heap after GC invocations=15 (full 0):
 garbage-first heap   total 262144K, used 61594K [0x00000000e0000000, 0x0000000100000000)
  region size 1024K, 12 young (12288K), 12 survivors (12288K)
 Metaspace       used 60755K, committed 62784K, reserved 393216K
  class space    used 8447K, committed 9472K, reserved 327680K
}
Event: 338.810 GC heap before
{Heap before GC invocations=15 (full 0):
 garbage-first heap   total 262144K, used 204954K [0x00000000e0000000, 0x0000000100000000)
  region size 1024K, 153 young (156672K), 12 survivors (12288K)
 Metaspace       used 61369K, committed 63488K, reserved 393216K
  class space    used 8489K, committed 9536K, reserved 327680K
}
Event: 338.834 GC heap after
{Heap after GC invocations=16 (full 0):
 garbage-first heap   total 262144K, used 56013K [0x00000000e0000000, 0x0000000100000000)
  region size 1024K, 5 young (5120K), 5 survivors (5120K)
 Metaspace       used 61369K, committed 63488K, reserved 393216K
  class space    used 8489K, committed 9536K, reserved 327680K
}

