# JRE version: OpenJDK Runtime Environment Zulu15.46+17-CA (15.0.10+5) (build 15.0.10+5-MTS)
# Java VM: OpenJDK 64-Bit Server VM Zulu15.46+17-CA (15.0.10+5-MTS, mixed mode, sharing, tiered, compressed oops, g1 gc, windows-amd64)
GC Precious Log:
 CPUs: 8 total, 8 available
 Memory: 8006M
 Large Page Support: Disabled
 NUMA Support: Disabled
 Compressed Oops: Enabled (32-bit)
 Heap Region Size: 1M
 Heap Min Capacity: 256M
 Heap Initial Capacity: 256M
 Heap Max Capacity: 512M
 Pre-touch: Disabled
 Parallel Workers: 8
 Concurrent Workers: 2
 Concurrent Refinement Workers: 8
 Periodic GC: Disabled
Heap:
 garbage-first heap   total 262144K, used 137216K [0x00000000e0000000, 0x0000000100000000)
  region size 1024K, 97 young (99328K), 7 survivors (7168K)
 Metaspace       used 53613K, capacity 55251K, committed 55472K, reserved 303104K
  class space    used 6611K, capacity 7126K, committed 7168K, reserved 253952K
GC Heap History (20 events):
Event: 10786.442 GC heap before
{Heap before GC invocations=25 (full 0):
 garbage-first heap   total 262144K, used 195504K [0x00000000e0000000, 0x0000000100000000)
  region size 1024K, 153 young (156672K), 6 survivors (6144K)
 Metaspace       used 53226K, capacity 54845K, committed 54960K, reserved 303104K
  class space    used 6606K, capacity 7123K, committed 7168K, reserved 253952K
}
Event: 10786.471 GC heap after
{Heap after GC invocations=26 (full 0):
 garbage-first heap   total 262144K, used 47937K [0x00000000e0000000, 0x0000000100000000)
  region size 1024K, 8 young (8192K), 8 survivors (8192K)
 Metaspace       used 53226K, capacity 54845K, committed 54960K, reserved 303104K
  class space    used 6606K, capacity 7123K, committed 7168K, reserved 253952K
}
Event: 12179.685 GC heap before
{Heap before GC invocations=26 (full 0):
 garbage-first heap   total 262144K, used 195393K [0x00000000e0000000, 0x0000000100000000)
  region size 1024K, 153 young (156672K), 8 survivors (8192K)
 Metaspace       used 53267K, capacity 54909K, committed 54960K, reserved 303104K
  class space    used 6606K, capacity 7123K, committed 7168K, reserved 253952K
}
Event: 12179.722 GC heap after
{Heap after GC invocations=27 (full 0):
 garbage-first heap   total 262144K, used 48114K [0x00000000e0000000, 0x0000000100000000)
  region size 1024K, 8 young (8192K), 8 survivors (8192K)
 Metaspace       used 53267K, capacity 54909K, committed 54960K, reserved 303104K
  class space    used 6606K, capacity 7123K, committed 7168K, reserved 253952K
}
Event: 13098.195 GC heap before
{Heap before GC invocations=27 (full 0):
 garbage-first heap   total 262144K, used 195570K [0x00000000e0000000, 0x0000000100000000)
  region size 1024K, 153 young (156672K), 8 survivors (8192K)
 Metaspace       used 53319K, capacity 54973K, committed 55216K, reserved 303104K
  class space    used 6606K, capacity 7123K, committed 7168K, reserved 253952K
}
Event: 13098.240 GC heap after
{Heap after GC invocations=28 (full 0):
 garbage-first heap   total 262144K, used 48134K [0x00000000e0000000, 0x0000000100000000)
  region size 1024K, 8 young (8192K), 8 survivors (8192K)
 Metaspace       used 53319K, capacity 54973K, committed 55216K, reserved 303104K
  class space    used 6606K, capacity 7123K, committed 7168K, reserved 253952K
}
Event: 14398.321 GC heap before
{Heap before GC invocations=28 (full 0):
 garbage-first heap   total 262144K, used 195590K [0x00000000e0000000, 0x0000000100000000)
  region size 1024K, 153 young (156672K), 8 survivors (8192K)
 Metaspace       used 53349K, capacity 54973K, committed 55216K, reserved 303104K
  class space    used 6606K, capacity 7123K, committed 7168K, reserved 253952K
}
Event: 14398.360 GC heap after
{Heap after GC invocations=29 (full 0):
 garbage-first heap   total 262144K, used 42245K [0x00000000e0000000, 0x0000000100000000)
  region size 1024K, 3 young (3072K), 3 survivors (3072K)
 Metaspace       used 53349K, capacity 54973K, committed 55216K, reserved 303104K
  class space    used 6606K, capacity 7123K, committed 7168K, reserved 253952K
}
Event: 14637.220 GC heap before
{Heap before GC invocations=29 (full 0):
 garbage-first heap   total 262144K, used 194821K [0x00000000e0000000, 0x0000000100000000)
  region size 1024K, 153 young (156672K), 3 survivors (3072K)
 Metaspace       used 53421K, capacity 55055K, committed 55216K, reserved 303104K
  class space    used 6608K, capacity 7126K, committed 7168K, reserved 253952K
}
Event: 14637.260 GC heap after
{Heap after GC invocations=30 (full 0):
 garbage-first heap   total 262144K, used 45170K [0x00000000e0000000, 0x0000000100000000)
  region size 1024K, 5 young (5120K), 5 survivors (5120K)
 Metaspace       used 53421K, capacity 55055K, committed 55216K, reserved 303104K
  class space    used 6608K, capacity 7126K, committed 7168K, reserved 253952K
}
Event: 15203.756 GC heap before
{Heap before GC invocations=30 (full 0):
 garbage-first heap   total 262144K, used 195698K [0x00000000e0000000, 0x0000000100000000)
  region size 1024K, 153 young (156672K), 5 survivors (5120K)
 Metaspace       used 53437K, capacity 55056K, committed 55216K, reserved 303104K
  class space    used 6608K, capacity 7126K, committed 7168K, reserved 253952K
}
Event: 15203.787 GC heap after
{Heap after GC invocations=31 (full 0):
 garbage-first heap   total 262144K, used 46326K [0x00000000e0000000, 0x0000000100000000)
  region size 1024K, 7 young (7168K), 7 survivors (7168K)
 Metaspace       used 53437K, capacity 55056K, committed 55216K, reserved 303104K
  class space    used 6608K, capacity 7126K, committed 7168K, reserved 253952K
}
Event: 15259.566 GC heap before
{Heap before GC invocations=31 (full 0):
 garbage-first heap   total 262144K, used 195830K [0x00000000e0000000, 0x0000000100000000)
  region size 1024K, 153 young (156672K), 7 survivors (7168K)
 Metaspace       used 53486K, capacity 55121K, committed 55216K, reserved 303104K
  class space    used 6609K, capacity 7126K, committed 7168K, reserved 253952K
}
Event: 15259.598 GC heap after
{Heap after GC invocations=32 (full 0):
 garbage-first heap   total 262144K, used 47403K [0x00000000e0000000, 0x0000000100000000)
  region size 1024K, 8 young (8192K), 8 survivors (8192K)
 Metaspace       used 53486K, capacity 55121K, committed 55216K, reserved 303104K
  class space    used 6609K, capacity 7126K, committed 7168K, reserved 253952K
}
Event: 15341.700 GC heap before
{Heap before GC invocations=32 (full 0):
 garbage-first heap   total 262144K, used 194859K [0x00000000e0000000, 0x0000000100000000)
  region size 1024K, 153 young (156672K), 8 survivors (8192K)
 Metaspace       used 53526K, capacity 55185K, committed 55472K, reserved 303104K
  class space    used 6610K, capacity 7126K, committed 7168K, reserved 253952K
}
Event: 15341.730 GC heap after
{Heap after GC invocations=33 (full 0):
 garbage-first heap   total 262144K, used 42165K [0x00000000e0000000, 0x0000000100000000)
  region size 1024K, 2 young (2048K), 2 survivors (2048K)
 Metaspace       used 53526K, capacity 55185K, committed 55472K, reserved 303104K
  class space    used 6610K, capacity 7126K, committed 7168K, reserved 253952K
}
Event: 15617.180 GC heap before
{Heap before GC invocations=33 (full 0):
 garbage-first heap   total 262144K, used 195765K [0x00000000e0000000, 0x0000000100000000)
  region size 1024K, 153 young (156672K), 2 survivors (2048K)
 Metaspace       used 53568K, capacity 55187K, committed 55472K, reserved 303104K
  class space    used 6611K, capacity 7126K, committed 7168K, reserved 253952K
}
Event: 15617.213 GC heap after
{Heap after GC invocations=34 (full 0):
 garbage-first heap   total 262144K, used 45254K [0x00000000e0000000, 0x0000000100000000)
  region size 1024K, 5 young (5120K), 5 survivors (5120K)
 Metaspace       used 53568K, capacity 55187K, committed 55472K, reserved 303104K
  class space    used 6611K, capacity 7126K, committed 7168K, reserved 253952K
}
Event: 15684.967 GC heap before
{Heap before GC invocations=34 (full 0):
 garbage-first heap   total 262144K, used 195782K [0x00000000e0000000, 0x0000000100000000)
  region size 1024K, 153 young (156672K), 5 survivors (5120K)
 Metaspace       used 53600K, capacity 55251K, committed 55472K, reserved 303104K
  class space    used 6611K, capacity 7126K, committed 7168K, reserved 253952K
}
Event: 15684.991 GC heap after
{Heap after GC invocations=35 (full 0):
 garbage-first heap   total 262144K, used 47104K [0x00000000e0000000, 0x0000000100000000)
  region size 1024K, 7 young (7168K), 7 survivors (7168K)
 Metaspace       used 53600K, capacity 55251K, committed 55472K, reserved 303104K
  class space    used 6611K, capacity 7126K, committed 7168K, reserved 253952K
}

